MESSAGE_BEGIN
{
"HEADER": {
"ID": 0,
"TIME": 0.269737021
},
"DATA":{
"JUK/DJI/GPS":{
	"upd": "NO",
	"last_upd":0.076416374,

	"lat":0.0000000000,
	"lng":0.0000000000,
	"alt":0.0000000000,
	"vx":0.0000000000,
	"vy":0.0000000000,
	"vz":0.0000000000,
	"course":0.0000000000,
	"sats":0,
	"quality":0,
	"flight_status":0
},
"JUK/DJI/DEVICE_STATUS":{
	"upd": "NO",
	"last_upd":0.129995295,

	"authority":0,
	"voltage":0
},
"JUK/POSITION_DATA":{
	"upd": "NO",
	"last_upd":0.190085482,

	"lat":0.0000000000,
	"lng":0.0000000000,
	"alt":0.0000000000,
	"x":0.0000000000,
	"y":0.0000000000,
	"z":0.0000000000,
	"course":0.0000000000,
	"dist_to_target":0.0000000000,
	"stable_time":0.0000000000
},
"JUK/CONTROL_DJI":{
	"upd": "NO",
	"last_upd":0.159998099,

	"flag":0,
	"data_x":0.0000000000,
	"data_y":0.0000000000,
	"data_z":0.0000000000,
	"course":0.0000000000
},
"REACH_EMLID_DATA":{
	"upd": "NO",
	"last_upd":0.268713682,

	"lat":0.0000000000,
	"lng":0.0000000000,
	"alt":0.0000000000,
	"quality":0,
	"data_Y":0,
	"data_M":0,
	"data_D":0,
	"time_h":0,
	"time_m":0,
	"time_s":0
}}
}
MESSAGE_END

MESSAGE_BEGIN
{
"HEADER": {
"ID": 1,
"TIME": 1.000382063
},
"DATA":{
"JUK/DJI/GPS":{
	"upd": "NO",
	"last_upd":0.076416374,

	"lat":0.0000000000,
	"lng":0.0000000000,
	"alt":0.0000000000,
	"vx":0.0000000000,
	"vy":0.0000000000,
	"vz":0.0000000000,
	"course":0.0000000000,
	"sats":0,
	"quality":0,
	"flight_status":0
},
"JUK/DJI/DEVICE_STATUS":{
	"upd": "NO",
	"last_upd":0.129995295,

	"authority":0,
	"voltage":0
},
"JUK/POSITION_DATA":{
	"upd": "NO",
	"last_upd":0.190085482,

	"lat":0.0000000000,
	"lng":0.0000000000,
	"alt":0.0000000000,
	"x":0.0000000000,
	"y":0.0000000000,
	"z":0.0000000000,
	"course":0.0000000000,
	"dist_to_target":0.0000000000,
	"stable_time":0.0000000000
},
"JUK/CONTROL_DJI":{
	"upd": "NO",
	"last_upd":0.159998099,

	"flag":0,
	"data_x":0.0000000000,
	"data_y":0.0000000000,
	"data_z":0.0000000000,
	"course":0.0000000000
},
"REACH_EMLID_DATA":{
	"upd": "NO",
	"last_upd":0.268713682,

	"lat":0.0000000000,
	"lng":0.0000000000,
	"alt":0.0000000000,
	"quality":0,
	"data_Y":0,
	"data_M":0,
	"data_D":0,
	"time_h":0,
	"time_m":0,
	"time_s":0
}}
}
MESSAGE_END

MESSAGE_BEGIN
{
"HEADER": {
"ID": 2,
"TIME": 2.000450322
},
"DATA":{
"JUK/DJI/GPS":{
	"upd": "NO",
	"last_upd":0.076416374,

	"lat":0.0000000000,
	"lng":0.0000000000,
	"alt":0.0000000000,
	"vx":0.0000000000,
	"vy":0.0000000000,
	"vz":0.0000000000,
	"course":0.0000000000,
	"sats":0,
	"quality":0,
	"flight_status":0
},
"JUK/DJI/DEVICE_STATUS":{
	"upd": "NO",
	"last_upd":0.129995295,

	"authority":0,
	"voltage":0
},
"JUK/POSITION_DATA":{
	"upd": "NO",
	"last_upd":0.190085482,

	"lat":0.0000000000,
	"lng":0.0000000000,
	"alt":0.0000000000,
	"x":0.0000000000,
	"y":0.0000000000,
	"z":0.0000000000,
	"course":0.0000000000,
	"dist_to_target":0.0000000000,
	"stable_time":0.0000000000
},
"JUK/CONTROL_DJI":{
	"upd": "NO",
	"last_upd":0.159998099,

	"flag":0,
	"data_x":0.0000000000,
	"data_y":0.0000000000,
	"data_z":0.0000000000,
	"course":0.0000000000
},
"REACH_EMLID_DATA":{
	"upd": "NO",
	"last_upd":0.268713682,

	"lat":0.0000000000,
	"lng":0.0000000000,
	"alt":0.0000000000,
	"quality":0,
	"data_Y":0,
	"data_M":0,
	"data_D":0,
	"time_h":0,
	"time_m":0,
	"time_s":0
}}
}
MESSAGE_END

MESSAGE_BEGIN
{
"HEADER": {
"ID": 3,
"TIME": 3.000339614
},
"DATA":{
"JUK/DJI/GPS":{
	"upd": "NO",
	"last_upd":0.076416374,

	"lat":0.0000000000,
	"lng":0.0000000000,
	"alt":0.0000000000,
	"vx":0.0000000000,
	"vy":0.0000000000,
	"vz":0.0000000000,
	"course":0.0000000000,
	"sats":0,
	"quality":0,
	"flight_status":0
},
"JUK/DJI/DEVICE_STATUS":{
	"upd": "NO",
	"last_upd":0.129995295,

	"authority":0,
	"voltage":0
},
"JUK/POSITION_DATA":{
	"upd": "NO",
	"last_upd":0.190085482,

	"lat":0.0000000000,
	"lng":0.0000000000,
	"alt":0.0000000000,
	"x":0.0000000000,
	"y":0.0000000000,
	"z":0.0000000000,
	"course":0.0000000000,
	"dist_to_target":0.0000000000,
	"stable_time":0.0000000000
},
"JUK/CONTROL_DJI":{
	"upd": "NO",
	"last_upd":0.159998099,

	"flag":0,
	"data_x":0.0000000000,
	"data_y":0.0000000000,
	"data_z":0.0000000000,
	"course":0.0000000000
},
"REACH_EMLID_DATA":{
	"upd": "NO",
	"last_upd":0.268713682,

	"lat":0.0000000000,
	"lng":0.0000000000,
	"alt":0.0000000000,
	"quality":0,
	"data_Y":0,
	"data_M":0,
	"data_D":0,
	"time_h":0,
	"time_m":0,
	"time_s":0
}}
}
MESSAGE_END

MESSAGE_BEGIN
{
"HEADER": {
"ID": 4,
"TIME": 4.000309407
},
"DATA":{
"JUK/DJI/GPS":{
	"upd": "NO",
	"last_upd":0.076416374,

	"lat":0.0000000000,
	"lng":0.0000000000,
	"alt":0.0000000000,
	"vx":0.0000000000,
	"vy":0.0000000000,
	"vz":0.0000000000,
	"course":0.0000000000,
	"sats":0,
	"quality":0,
	"flight_status":0
},
"JUK/DJI/DEVICE_STATUS":{
	"upd": "NO",
	"last_upd":0.129995295,

	"authority":0,
	"voltage":0
},
"JUK/POSITION_DATA":{
	"upd": "NO",
	"last_upd":0.190085482,

	"lat":0.0000000000,
	"lng":0.0000000000,
	"alt":0.0000000000,
	"x":0.0000000000,
	"y":0.0000000000,
	"z":0.0000000000,
	"course":0.0000000000,
	"dist_to_target":0.0000000000,
	"stable_time":0.0000000000
},
"JUK/CONTROL_DJI":{
	"upd": "NO",
	"last_upd":0.159998099,

	"flag":0,
	"data_x":0.0000000000,
	"data_y":0.0000000000,
	"data_z":0.0000000000,
	"course":0.0000000000
},
"REACH_EMLID_DATA":{
	"upd": "YES",
	"last_upd":3.000674703,

	"lat":0.0000000000,
	"lng":0.0000000000,
	"alt":0.0000000000,
	"quality":0,
	"data_Y":0,
	"data_M":0,
	"data_D":0,
	"time_h":0,
	"time_m":0,
	"time_s":0
}}
}
MESSAGE_END

MESSAGE_BEGIN
{
"HEADER": {
"ID": 5,
"TIME": 5.000560577
},
"DATA":{
"JUK/DJI/GPS":{
	"upd": "NO",
	"last_upd":0.076416374,

	"lat":0.0000000000,
	"lng":0.0000000000,
	"alt":0.0000000000,
	"vx":0.0000000000,
	"vy":0.0000000000,
	"vz":0.0000000000,
	"course":0.0000000000,
	"sats":0,
	"quality":0,
	"flight_status":0
},
"JUK/DJI/DEVICE_STATUS":{
	"upd": "NO",
	"last_upd":0.129995295,

	"authority":0,
	"voltage":0
},
"JUK/POSITION_DATA":{
	"upd": "NO",
	"last_upd":0.190085482,

	"lat":0.0000000000,
	"lng":0.0000000000,
	"alt":0.0000000000,
	"x":0.0000000000,
	"y":0.0000000000,
	"z":0.0000000000,
	"course":0.0000000000,
	"dist_to_target":0.0000000000,
	"stable_time":0.0000000000
},
"JUK/CONTROL_DJI":{
	"upd": "NO",
	"last_upd":0.159998099,

	"flag":0,
	"data_x":0.0000000000,
	"data_y":0.0000000000,
	"data_z":0.0000000000,
	"course":0.0000000000
},
"REACH_EMLID_DATA":{
	"upd": "NO",
	"last_upd":3.000674703,

	"lat":0.0000000000,
	"lng":0.0000000000,
	"alt":0.0000000000,
	"quality":0,
	"data_Y":0,
	"data_M":0,
	"data_D":0,
	"time_h":0,
	"time_m":0,
	"time_s":0
}}
}
MESSAGE_END

MESSAGE_BEGIN
{
"HEADER": {
"ID": 6,
"TIME": 6.000508358
},
"DATA":{
"JUK/DJI/GPS":{
	"upd": "NO",
	"last_upd":0.076416374,

	"lat":0.0000000000,
	"lng":0.0000000000,
	"alt":0.0000000000,
	"vx":0.0000000000,
	"vy":0.0000000000,
	"vz":0.0000000000,
	"course":0.0000000000,
	"sats":0,
	"quality":0,
	"flight_status":0
},
"JUK/DJI/DEVICE_STATUS":{
	"upd": "NO",
	"last_upd":0.129995295,

	"authority":0,
	"voltage":0
},
"JUK/POSITION_DATA":{
	"upd": "NO",
	"last_upd":0.190085482,

	"lat":0.0000000000,
	"lng":0.0000000000,
	"alt":0.0000000000,
	"x":0.0000000000,
	"y":0.0000000000,
	"z":0.0000000000,
	"course":0.0000000000,
	"dist_to_target":0.0000000000,
	"stable_time":0.0000000000
},
"JUK/CONTROL_DJI":{
	"upd": "NO",
	"last_upd":0.159998099,

	"flag":0,
	"data_x":0.0000000000,
	"data_y":0.0000000000,
	"data_z":0.0000000000,
	"course":0.0000000000
},
"REACH_EMLID_DATA":{
	"upd": "NO",
	"last_upd":3.000674703,

	"lat":0.0000000000,
	"lng":0.0000000000,
	"alt":0.0000000000,
	"quality":0,
	"data_Y":0,
	"data_M":0,
	"data_D":0,
	"time_h":0,
	"time_m":0,
	"time_s":0
}}
}
MESSAGE_END

MESSAGE_BEGIN
{
"HEADER": {
"ID": 7,
"TIME": 7.000290245
},
"DATA":{
"JUK/DJI/GPS":{
	"upd": "NO",
	"last_upd":0.076416374,

	"lat":0.0000000000,
	"lng":0.0000000000,
	"alt":0.0000000000,
	"vx":0.0000000000,
	"vy":0.0000000000,
	"vz":0.0000000000,
	"course":0.0000000000,
	"sats":0,
	"quality":0,
	"flight_status":0
},
"JUK/DJI/DEVICE_STATUS":{
	"upd": "NO",
	"last_upd":0.129995295,

	"authority":0,
	"voltage":0
},
"JUK/POSITION_DATA":{
	"upd": "NO",
	"last_upd":0.190085482,

	"lat":0.0000000000,
	"lng":0.0000000000,
	"alt":0.0000000000,
	"x":0.0000000000,
	"y":0.0000000000,
	"z":0.0000000000,
	"course":0.0000000000,
	"dist_to_target":0.0000000000,
	"stable_time":0.0000000000
},
"JUK/CONTROL_DJI":{
	"upd": "NO",
	"last_upd":0.159998099,

	"flag":0,
	"data_x":0.0000000000,
	"data_y":0.0000000000,
	"data_z":0.0000000000,
	"course":0.0000000000
},
"REACH_EMLID_DATA":{
	"upd": "NO",
	"last_upd":3.000674703,

	"lat":0.0000000000,
	"lng":0.0000000000,
	"alt":0.0000000000,
	"quality":0,
	"data_Y":0,
	"data_M":0,
	"data_D":0,
	"time_h":0,
	"time_m":0,
	"time_s":0
}}
}
MESSAGE_END

MESSAGE_BEGIN
{
"HEADER": {
"ID": 8,
"TIME": 8.000303353
},
"DATA":{
"JUK/DJI/GPS":{
	"upd": "NO",
	"last_upd":0.076416374,

	"lat":0.0000000000,
	"lng":0.0000000000,
	"alt":0.0000000000,
	"vx":0.0000000000,
	"vy":0.0000000000,
	"vz":0.0000000000,
	"course":0.0000000000,
	"sats":0,
	"quality":0,
	"flight_status":0
},
"JUK/DJI/DEVICE_STATUS":{
	"upd": "NO",
	"last_upd":0.129995295,

	"authority":0,
	"voltage":0
},
"JUK/POSITION_DATA":{
	"upd": "NO",
	"last_upd":0.190085482,

	"lat":0.0000000000,
	"lng":0.0000000000,
	"alt":0.0000000000,
	"x":0.0000000000,
	"y":0.0000000000,
	"z":0.0000000000,
	"course":0.0000000000,
	"dist_to_target":0.0000000000,
	"stable_time":0.0000000000
},
"JUK/CONTROL_DJI":{
	"upd": "NO",
	"last_upd":0.159998099,

	"flag":0,
	"data_x":0.0000000000,
	"data_y":0.0000000000,
	"data_z":0.0000000000,
	"course":0.0000000000
},
"REACH_EMLID_DATA":{
	"upd": "NO",
	"last_upd":3.000674703,

	"lat":0.0000000000,
	"lng":0.0000000000,
	"alt":0.0000000000,
	"quality":0,
	"data_Y":0,
	"data_M":0,
	"data_D":0,
	"time_h":0,
	"time_m":0,
	"time_s":0
}}
}
MESSAGE_END

MESSAGE_BEGIN
{
"HEADER": {
"ID": 9,
"TIME": 9.000404514
},
"DATA":{
"JUK/DJI/GPS":{
	"upd": "YES",
	"last_upd":8.000454961,

	"lat":0.9755372122,
	"lng":0.6501499656,
	"alt":100.3828964233,
	"vx":-0.0000010962,
	"vy":0.0000005616,
	"vz":-0.0000046117,
	"course":-2.5525627091,
	"sats":0,
	"quality":5,
	"flight_status":2
},
"JUK/DJI/DEVICE_STATUS":{
	"upd": "YES",
	"last_upd":8.000472096,

	"authority":1,
	"voltage":24446
},
"JUK/POSITION_DATA":{
	"upd": "YES",
	"last_upd":8.000496261,

	"lat":55.8941650190,
	"lng":37.2508490790,
	"alt":100.3828964233,
	"x":6201274.4644714380,
	"y":4146745.5511080292,
	"z":100.3828964233,
	"course":-146.2510701709,
	"dist_to_target":7459980.1380041549,
	"stable_time":0.0000000000
},
"JUK/CONTROL_DJI":{
	"upd": "YES",
	"last_upd":8.000483606,

	"flag":0,
	"data_x":0.0000000000,
	"data_y":0.0000000000,
	"data_z":0.0000000000,
	"course":0.0000000000
},
"REACH_EMLID_DATA":{
	"upd": "NO",
	"last_upd":3.000674703,

	"lat":0.0000000000,
	"lng":0.0000000000,
	"alt":0.0000000000,
	"quality":0,
	"data_Y":0,
	"data_M":0,
	"data_D":0,
	"time_h":0,
	"time_m":0,
	"time_s":0
}}
}
MESSAGE_END

MESSAGE_BEGIN
{
"HEADER": {
"ID": 10,
"TIME": 10.000367329
},
"DATA":{
"JUK/DJI/GPS":{
	"upd": "YES",
	"last_upd":9.758011718,

	"lat":0.9755372122,
	"lng":0.6501499656,
	"alt":100.3828964233,
	"vx":-0.0000006721,
	"vy":0.0000010889,
	"vz":-0.0000045856,
	"course":-2.5525627091,
	"sats":0,
	"quality":5,
	"flight_status":2
},
"JUK/DJI/DEVICE_STATUS":{
	"upd": "YES",
	"last_upd":9.758028540,

	"authority":1,
	"voltage":24453
},
"JUK/POSITION_DATA":{
	"upd": "YES",
	"last_upd":9.758056820,

	"lat":55.8941650190,
	"lng":37.2508490790,
	"alt":100.3828964233,
	"x":6201274.4644714380,
	"y":4146745.5511080292,
	"z":100.3828964233,
	"course":-146.2510701709,
	"dist_to_target":7459980.1380041549,
	"stable_time":0.0000000000
},
"JUK/CONTROL_DJI":{
	"upd": "YES",
	"last_upd":9.758043279,

	"flag":0,
	"data_x":0.0000000000,
	"data_y":0.0000000000,
	"data_z":0.0000000000,
	"course":0.0000000000
},
"REACH_EMLID_DATA":{
	"upd": "NO",
	"last_upd":3.000674703,

	"lat":0.0000000000,
	"lng":0.0000000000,
	"alt":0.0000000000,
	"quality":0,
	"data_Y":0,
	"data_M":0,
	"data_D":0,
	"time_h":0,
	"time_m":0,
	"time_s":0
}}
}
MESSAGE_END

MESSAGE_BEGIN
{
"HEADER": {
"ID": 11,
"TIME": 11.000351116
},
"DATA":{
"JUK/DJI/GPS":{
	"upd": "YES",
	"last_upd":10.000541488,

	"lat":0.9755372122,
	"lng":0.6501499656,
	"alt":100.3828964233,
	"vx":-0.0000009500,
	"vy":-0.0000006430,
	"vz":-0.0000045842,
	"course":-2.5525627091,
	"sats":0,
	"quality":5,
	"flight_status":2
},
"JUK/DJI/DEVICE_STATUS":{
	"upd": "YES",
	"last_upd":10.000560862,

	"authority":1,
	"voltage":24445
},
"JUK/POSITION_DATA":{
	"upd": "YES",
	"last_upd":10.000588778,

	"lat":55.8941650190,
	"lng":37.2508490790,
	"alt":100.3828964233,
	"x":6201274.4644714380,
	"y":4146745.5511080292,
	"z":100.3828964233,
	"course":-146.2510701709,
	"dist_to_target":7459980.1380041549,
	"stable_time":0.0000000000
},
"JUK/CONTROL_DJI":{
	"upd": "YES",
	"last_upd":10.000576695,

	"flag":0,
	"data_x":0.0000000000,
	"data_y":0.0000000000,
	"data_z":0.0000000000,
	"course":0.0000000000
},
"REACH_EMLID_DATA":{
	"upd": "NO",
	"last_upd":3.000674703,

	"lat":0.0000000000,
	"lng":0.0000000000,
	"alt":0.0000000000,
	"quality":0,
	"data_Y":0,
	"data_M":0,
	"data_D":0,
	"time_h":0,
	"time_m":0,
	"time_s":0
}}
}
MESSAGE_END

MESSAGE_BEGIN
{
"HEADER": {
"ID": 12,
"TIME": 12.000345353
},
"DATA":{
"JUK/DJI/GPS":{
	"upd": "YES",
	"last_upd":11.000543138,

	"lat":0.9755372122,
	"lng":0.6501499656,
	"alt":100.3828964233,
	"vx":-0.0000007486,
	"vy":-0.0000013735,
	"vz":-0.0000046493,
	"course":-2.5525627091,
	"sats":0,
	"quality":5,
	"flight_status":2
},
"JUK/DJI/DEVICE_STATUS":{
	"upd": "YES",
	"last_upd":11.000560169,

	"authority":1,
	"voltage":24443
},
"JUK/POSITION_DATA":{
	"upd": "YES",
	"last_upd":11.000585324,

	"lat":55.8941650190,
	"lng":37.2508490790,
	"alt":100.3828964233,
	"x":6201274.4644714380,
	"y":4146745.5511080292,
	"z":0.0000000000,
	"course":-146.2510701709,
	"dist_to_target":0.0000000000,
	"stable_time":0.0000000000
},
"JUK/CONTROL_DJI":{
	"upd": "YES",
	"last_upd":11.000572668,

	"flag":7,
	"data_x":0.0000000000,
	"data_y":0.0000000000,
	"data_z":0.0000000000,
	"course":0.0000009545
},
"REACH_EMLID_DATA":{
	"upd": "NO",
	"last_upd":3.000674703,

	"lat":0.0000000000,
	"lng":0.0000000000,
	"alt":0.0000000000,
	"quality":0,
	"data_Y":0,
	"data_M":0,
	"data_D":0,
	"time_h":0,
	"time_m":0,
	"time_s":0
}}
}
MESSAGE_END

MESSAGE_BEGIN
{
"HEADER": {
"ID": 13,
"TIME": 13.000345301
},
"DATA":{
"JUK/DJI/GPS":{
	"upd": "YES",
	"last_upd":12.000606331,

	"lat":0.9755372122,
	"lng":0.6501499656,
	"alt":100.3828964233,
	"vx":0.0000001653,
	"vy":-0.0000012108,
	"vz":-0.0000046082,
	"course":-2.5525627091,
	"sats":0,
	"quality":5,
	"flight_status":2
},
"JUK/DJI/DEVICE_STATUS":{
	"upd": "YES",
	"last_upd":12.000626069,

	"authority":1,
	"voltage":24436
},
"JUK/POSITION_DATA":{
	"upd": "YES",
	"last_upd":12.000653047,

	"lat":55.8941650190,
	"lng":37.2508490790,
	"alt":100.3828964233,
	"x":6201274.4644714380,
	"y":4146745.5511080292,
	"z":0.0000000000,
	"course":-146.2510701709,
	"dist_to_target":0.0000000000,
	"stable_time":1.0000000000
},
"JUK/CONTROL_DJI":{
	"upd": "YES",
	"last_upd":12.000640756,

	"flag":7,
	"data_x":0.0000000000,
	"data_y":0.0000000000,
	"data_z":0.0000000000,
	"course":0.0000010457
},
"REACH_EMLID_DATA":{
	"upd": "NO",
	"last_upd":3.000674703,

	"lat":0.0000000000,
	"lng":0.0000000000,
	"alt":0.0000000000,
	"quality":0,
	"data_Y":0,
	"data_M":0,
	"data_D":0,
	"time_h":0,
	"time_m":0,
	"time_s":0
}}
}
MESSAGE_END

MESSAGE_BEGIN
{
"HEADER": {
"ID": 14,
"TIME": 14.000415956
},
"DATA":{
"JUK/DJI/GPS":{
	"upd": "YES",
	"last_upd":13.000488107,

	"lat":0.9755372122,
	"lng":0.6501499656,
	"alt":100.3828964233,
	"vx":0.0000006139,
	"vy":-0.0000012635,
	"vz":-0.0000046508,
	"course":-2.5525627091,
	"sats":0,
	"quality":5,
	"flight_status":2
},
"JUK/DJI/DEVICE_STATUS":{
	"upd": "YES",
	"last_upd":13.000506231,

	"authority":1,
	"voltage":24426
},
"JUK/POSITION_DATA":{
	"upd": "YES",
	"last_upd":13.000533834,

	"lat":55.8941650190,
	"lng":37.2508490790,
	"alt":100.3828964233,
	"x":6201274.4644714380,
	"y":4146745.5511080292,
	"z":0.0000000000,
	"course":-146.2510701709,
	"dist_to_target":0.0000000000,
	"stable_time":2.0000000000
},
"JUK/CONTROL_DJI":{
	"upd": "YES",
	"last_upd":13.000521126,

	"flag":7,
	"data_x":0.0000000000,
	"data_y":0.0000000000,
	"data_z":0.0000000000,
	"course":0.0000010457
},
"REACH_EMLID_DATA":{
	"upd": "NO",
	"last_upd":3.000674703,

	"lat":0.0000000000,
	"lng":0.0000000000,
	"alt":0.0000000000,
	"quality":0,
	"data_Y":0,
	"data_M":0,
	"data_D":0,
	"time_h":0,
	"time_m":0,
	"time_s":0
}}
}
MESSAGE_END

MESSAGE_BEGIN
{
"HEADER": {
"ID": 15,
"TIME": 15.000638202
},
"DATA":{
"JUK/DJI/GPS":{
	"upd": "YES",
	"last_upd":14.009398007,

	"lat":0.9755372122,
	"lng":0.6501499656,
	"alt":100.3828964233,
	"vx":0.0000012363,
	"vy":-0.0000004761,
	"vz":-0.0000045914,
	"course":-2.5525627091,
	"sats":0,
	"quality":5,
	"flight_status":2
},
"JUK/DJI/DEVICE_STATUS":{
	"upd": "YES",
	"last_upd":14.009432381,

	"authority":1,
	"voltage":24465
},
"JUK/POSITION_DATA":{
	"upd": "YES",
	"last_upd":14.009480712,

	"lat":55.8941650190,
	"lng":37.2508490790,
	"alt":100.3828964233,
	"x":6201274.4644714380,
	"y":4146745.5511080292,
	"z":0.0000000000,
	"course":-146.2510701709,
	"dist_to_target":0.0000000000,
	"stable_time":3.0000000000
},
"JUK/CONTROL_DJI":{
	"upd": "YES",
	"last_upd":14.009452640,

	"flag":7,
	"data_x":0.0000000000,
	"data_y":0.0000000000,
	"data_z":0.0000000000,
	"course":0.0000010457
},
"REACH_EMLID_DATA":{
	"upd": "NO",
	"last_upd":3.000674703,

	"lat":0.0000000000,
	"lng":0.0000000000,
	"alt":0.0000000000,
	"quality":0,
	"data_Y":0,
	"data_M":0,
	"data_D":0,
	"time_h":0,
	"time_m":0,
	"time_s":0
}}
}
MESSAGE_END

MESSAGE_BEGIN
{
"HEADER": {
"ID": 16,
"TIME": 16.000376856
},
"DATA":{
"JUK/DJI/GPS":{
	"upd": "YES",
	"last_upd":15.000795070,

	"lat":0.9755372122,
	"lng":0.6501499656,
	"alt":100.3828964233,
	"vx":0.0000012934,
	"vy":-0.0000003448,
	"vz":-0.0000046277,
	"course":-2.5525627091,
	"sats":0,
	"quality":5,
	"flight_status":2
},
"JUK/DJI/DEVICE_STATUS":{
	"upd": "YES",
	"last_upd":15.000808923,

	"authority":3,
	"voltage":24460
},
"JUK/POSITION_DATA":{
	"upd": "YES",
	"last_upd":15.000782206,

	"lat":55.8941650190,
	"lng":37.2508490790,
	"alt":100.3828964233,
	"x":6201274.4644714380,
	"y":4146745.5511080292,
	"z":0.0000000000,
	"course":-146.2510701709,
	"dist_to_target":7.0710678117,
	"stable_time":0.0000000000
},
"JUK/CONTROL_DJI":{
	"upd": "YES",
	"last_upd":15.000760644,

	"flag":5,
	"data_x":0.0000000000,
	"data_y":0.0000000000,
	"data_z":0.0000000000,
	"course":73.1255340576
},
"REACH_EMLID_DATA":{
	"upd": "NO",
	"last_upd":3.000674703,

	"lat":0.0000000000,
	"lng":0.0000000000,
	"alt":0.0000000000,
	"quality":0,
	"data_Y":0,
	"data_M":0,
	"data_D":0,
	"time_h":0,
	"time_m":0,
	"time_s":0
}}
}
MESSAGE_END

MESSAGE_BEGIN
{
"HEADER": {
"ID": 17,
"TIME": 17.000634583
},
"DATA":{
"JUK/DJI/GPS":{
	"upd": "YES",
	"last_upd":16.000534297,

	"lat":0.9755372122,
	"lng":0.6501499656,
	"alt":100.3832550049,
	"vx":-0.0000003978,
	"vy":-0.0000004300,
	"vz":-0.0121236257,
	"course":-1.8088929528,
	"sats":0,
	"quality":5,
	"flight_status":2
},
"JUK/DJI/DEVICE_STATUS":{
	"upd": "YES",
	"last_upd":16.000557421,

	"authority":3,
	"voltage":24468
},
"JUK/POSITION_DATA":{
	"upd": "YES",
	"last_upd":16.000584034,

	"lat":55.8941650190,
	"lng":37.2508490790,
	"alt":100.3832550049,
	"x":6201274.4644714380,
	"y":4146745.5511080292,
	"z":0.0003585815,
	"course":-103.6419317855,
	"dist_to_target":7.0708142608,
	"stable_time":0.0000000000
},
"JUK/CONTROL_DJI":{
	"upd": "YES",
	"last_upd":16.000570337,

	"flag":5,
	"data_x":0.0000000000,
	"data_y":0.0000000000,
	"data_z":0.0000000000,
	"course":51.8209648132
},
"REACH_EMLID_DATA":{
	"upd": "NO",
	"last_upd":3.000674703,

	"lat":0.0000000000,
	"lng":0.0000000000,
	"alt":0.0000000000,
	"quality":0,
	"data_Y":0,
	"data_M":0,
	"data_D":0,
	"time_h":0,
	"time_m":0,
	"time_s":0
}}
}
MESSAGE_END

MESSAGE_BEGIN
{
"HEADER": {
"ID": 18,
"TIME": 18.000601471
},
"DATA":{
"JUK/DJI/GPS":{
	"upd": "YES",
	"last_upd":17.000788691,

	"lat":0.9755372122,
	"lng":0.6501499656,
	"alt":100.3807601929,
	"vx":-0.0000002997,
	"vy":-0.0000001802,
	"vz":0.0014925589,
	"course":-0.9800512259,
	"sats":0,
	"quality":5,
	"flight_status":2
},
"JUK/DJI/DEVICE_STATUS":{
	"upd": "YES",
	"last_upd":17.000807076,

	"authority":3,
	"voltage":24459
},
"JUK/POSITION_DATA":{
	"upd": "YES",
	"last_upd":17.000831085,

	"lat":55.8941650190,
	"lng":37.2508490790,
	"alt":100.3807601929,
	"x":6201274.4644714380,
	"y":4146745.5511080292,
	"z":-0.0021362305,
	"course":-56.1527989525,
	"dist_to_target":7.0725785161,
	"stable_time":0.0000000000
},
"JUK/CONTROL_DJI":{
	"upd": "YES",
	"last_upd":17.000818898,

	"flag":5,
	"data_x":0.0000000000,
	"data_y":0.0000000000,
	"data_z":0.0000000000,
	"course":28.0763988495
},
"REACH_EMLID_DATA":{
	"upd": "NO",
	"last_upd":3.000674703,

	"lat":0.0000000000,
	"lng":0.0000000000,
	"alt":0.0000000000,
	"quality":0,
	"data_Y":0,
	"data_M":0,
	"data_D":0,
	"time_h":0,
	"time_m":0,
	"time_s":0
}}
}
MESSAGE_END

MESSAGE_BEGIN
{
"HEADER": {
"ID": 19,
"TIME": 19.005014916
},
"DATA":{
"JUK/DJI/GPS":{
	"upd": "YES",
	"last_upd":18.000919686,

	"lat":0.9755372122,
	"lng":0.6501499656,
	"alt":100.3822860718,
	"vx":-0.0000000101,
	"vy":-0.0000000867,
	"vz":0.0011643223,
	"course":-0.5465077613,
	"sats":0,
	"quality":5,
	"flight_status":2
},
"JUK/DJI/DEVICE_STATUS":{
	"upd": "YES",
	"last_upd":18.000948800,

	"authority":3,
	"voltage":24467
},
"JUK/POSITION_DATA":{
	"upd": "YES",
	"last_upd":18.000982288,

	"lat":55.8941650190,
	"lng":37.2508490790,
	"alt":100.3822860718,
	"x":6201274.4644714380,
	"y":4146745.5511080292,
	"z":-0.0006103516,
	"course":-31.3125881934,
	"dist_to_target":7.0714994086,
	"stable_time":0.0000000000
},
"JUK/CONTROL_DJI":{
	"upd": "YES",
	"last_upd":18.000965257,

	"flag":5,
	"data_x":0.0000000000,
	"data_y":0.0000000000,
	"data_z":0.0000000000,
	"course":15.6562938690
},
"REACH_EMLID_DATA":{
	"upd": "NO",
	"last_upd":3.000674703,

	"lat":0.0000000000,
	"lng":0.0000000000,
	"alt":0.0000000000,
	"quality":0,
	"data_Y":0,
	"data_M":0,
	"data_D":0,
	"time_h":0,
	"time_m":0,
	"time_s":0
}}
}
MESSAGE_END

MESSAGE_BEGIN
{
"HEADER": {
"ID": 20,
"TIME": 20.001939503
},
"DATA":{
"JUK/DJI/GPS":{
	"upd": "YES",
	"last_upd":19.005237667,

	"lat":0.9755372122,
	"lng":0.6501499656,
	"alt":100.3828430176,
	"vx":0.0000000248,
	"vy":0.0000000360,
	"vz":-0.0000602874,
	"course":-0.3124758297,
	"sats":0,
	"quality":5,
	"flight_status":2
},
"JUK/DJI/DEVICE_STATUS":{
	"upd": "YES",
	"last_upd":19.005259228,

	"authority":3,
	"voltage":24476
},
"JUK/POSITION_DATA":{
	"upd": "YES",
	"last_upd":19.005287769,

	"lat":55.8941650190,
	"lng":37.2508490790,
	"alt":100.3828430176,
	"x":6201274.4644714380,
	"y":4146745.5511080292,
	"z":-0.0000534058,
	"course":-17.9035462416,
	"dist_to_target":7.0711055754,
	"stable_time":0.0000000000
},
"JUK/CONTROL_DJI":{
	"upd": "YES",
	"last_upd":19.005274072,

	"flag":5,
	"data_x":0.0000000000,
	"data_y":0.0000000000,
	"data_z":0.0000000000,
	"course":8.9517726898
},
"REACH_EMLID_DATA":{
	"upd": "NO",
	"last_upd":3.000674703,

	"lat":0.0000000000,
	"lng":0.0000000000,
	"alt":0.0000000000,
	"quality":0,
	"data_Y":0,
	"data_M":0,
	"data_D":0,
	"time_h":0,
	"time_m":0,
	"time_s":0
}}
}
MESSAGE_END

MESSAGE_BEGIN
{
"HEADER": {
"ID": 21,
"TIME": 21.001748997
},
"DATA":{
"JUK/DJI/GPS":{
	"upd": "YES",
	"last_upd":20.002127464,

	"lat":0.9755372122,
	"lng":0.6501499656,
	"alt":100.3827819824,
	"vx":0.0000000739,
	"vy":0.0000000823,
	"vz":-0.0000050109,
	"course":-0.1842324531,
	"sats":0,
	"quality":5,
	"flight_status":2
},
"JUK/DJI/DEVICE_STATUS":{
	"upd": "YES",
	"last_upd":20.002150223,

	"authority":3,
	"voltage":24448
},
"JUK/POSITION_DATA":{
	"upd": "YES",
	"last_upd":20.002177462,

	"lat":55.8941650190,
	"lng":37.2508490790,
	"alt":100.3827819824,
	"x":6201274.4644714380,
	"y":4146745.5511080292,
	"z":-0.0001144409,
	"course":-10.5557420107,
	"dist_to_target":7.0711487341,
	"stable_time":0.0000000000
},
"JUK/CONTROL_DJI":{
	"upd": "YES",
	"last_upd":20.002163504,

	"flag":5,
	"data_x":0.0000000000,
	"data_y":0.0000000000,
	"data_z":0.0000000000,
	"course":5.2778711319
},
"REACH_EMLID_DATA":{
	"upd": "NO",
	"last_upd":3.000674703,

	"lat":0.0000000000,
	"lng":0.0000000000,
	"alt":0.0000000000,
	"quality":0,
	"data_Y":0,
	"data_M":0,
	"data_D":0,
	"time_h":0,
	"time_m":0,
	"time_s":0
}}
}
MESSAGE_END

MESSAGE_BEGIN
{
"HEADER": {
"ID": 22,
"TIME": 22.000384928
},
"DATA":{
"JUK/DJI/GPS":{
	"upd": "YES",
	"last_upd":21.001893938,

	"lat":0.9755372122,
	"lng":0.6501499656,
	"alt":100.3827972412,
	"vx":-0.0000000440,
	"vy":0.0000001264,
	"vz":0.0000200260,
	"course":-0.1121132397,
	"sats":0,
	"quality":5,
	"flight_status":2
},
"JUK/DJI/DEVICE_STATUS":{
	"upd": "YES",
	"last_upd":21.001909302,

	"authority":3,
	"voltage":24457
},
"JUK/POSITION_DATA":{
	"upd": "YES",
	"last_upd":21.001936437,

	"lat":55.8941650190,
	"lng":37.2508490790,
	"alt":100.3827972412,
	"x":6201274.4644714380,
	"y":4146745.5511080292,
	"z":-0.0000991821,
	"course":-6.4236154631,
	"dist_to_target":7.0711379444,
	"stable_time":0.0000000000
},
"JUK/CONTROL_DJI":{
	"upd": "YES",
	"last_upd":21.001922843,

	"flag":5,
	"data_x":0.0000000000,
	"data_y":0.0000000000,
	"data_z":0.0000000000,
	"course":3.2118077278
},
"REACH_EMLID_DATA":{
	"upd": "NO",
	"last_upd":3.000674703,

	"lat":0.0000000000,
	"lng":0.0000000000,
	"alt":0.0000000000,
	"quality":0,
	"data_Y":0,
	"data_M":0,
	"data_D":0,
	"time_h":0,
	"time_m":0,
	"time_s":0
}}
}
MESSAGE_END

MESSAGE_BEGIN
{
"HEADER": {
"ID": 23,
"TIME": 23.002713908
},
"DATA":{
"JUK/DJI/GPS":{
	"upd": "YES",
	"last_upd":22.002049543,

	"lat":0.9755372122,
	"lng":0.6501499656,
	"alt":100.3828125000,
	"vx":-0.0000000207,
	"vy":0.0000000243,
	"vz":0.0000155833,
	"course":-0.0703385451,
	"sats":0,
	"quality":5,
	"flight_status":2
},
"JUK/DJI/DEVICE_STATUS":{
	"upd": "YES",
	"last_upd":22.002068397,

	"authority":3,
	"voltage":24466
},
"JUK/POSITION_DATA":{
	"upd": "YES",
	"last_upd":22.002094541,

	"lat":55.8941650190,
	"lng":37.2508490790,
	"alt":100.3828125000,
	"x":6201274.4644714380,
	"y":4146745.5511080292,
	"z":-0.0000839233,
	"course":-4.0301017723,
	"dist_to_target":7.0711271547,
	"stable_time":0.0000000000
},
"JUK/CONTROL_DJI":{
	"upd": "YES",
	"last_upd":22.002081156,

	"flag":5,
	"data_x":0.0000000000,
	"data_y":0.0000000000,
	"data_z":0.0000000000,
	"course":2.0150508881
},
"REACH_EMLID_DATA":{
	"upd": "NO",
	"last_upd":3.000674703,

	"lat":0.0000000000,
	"lng":0.0000000000,
	"alt":0.0000000000,
	"quality":0,
	"data_Y":0,
	"data_M":0,
	"data_D":0,
	"time_h":0,
	"time_m":0,
	"time_s":0
}}
}
MESSAGE_END

MESSAGE_BEGIN
{
"HEADER": {
"ID": 24,
"TIME": 24.000587125
},
"DATA":{
"JUK/DJI/GPS":{
	"upd": "YES",
	"last_upd":23.003056706,

	"lat":0.9755372122,
	"lng":0.6501499656,
	"alt":100.3828277588,
	"vx":-0.0000000056,
	"vy":0.0000000256,
	"vz":0.0000125727,
	"course":-0.0453505347,
	"sats":0,
	"quality":5,
	"flight_status":2
},
"JUK/DJI/DEVICE_STATUS":{
	"upd": "YES",
	"last_upd":23.003188627,

	"authority":3,
	"voltage":24473
},
"JUK/POSITION_DATA":{
	"upd": "YES",
	"last_upd":23.003241802,

	"lat":55.8941650190,
	"lng":37.2508490790,
	"alt":100.3828277588,
	"x":6201274.4644714380,
	"y":4146745.5511080292,
	"z":-0.0000686646,
	"course":-2.5983942343,
	"dist_to_target":7.0711163651,
	"stable_time":0.0000000000
},
"JUK/CONTROL_DJI":{
	"upd": "YES",
	"last_upd":23.003227480,

	"flag":5,
	"data_x":0.0000000000,
	"data_y":0.0000000000,
	"data_z":0.0000000000,
	"course":1.2991970778
},
"REACH_EMLID_DATA":{
	"upd": "NO",
	"last_upd":3.000674703,

	"lat":0.0000000000,
	"lng":0.0000000000,
	"alt":0.0000000000,
	"quality":0,
	"data_Y":0,
	"data_M":0,
	"data_D":0,
	"time_h":0,
	"time_m":0,
	"time_s":0
}}
}
MESSAGE_END

MESSAGE_BEGIN
{
"HEADER": {
"ID": 25,
"TIME": 25.004428760
},
"DATA":{
"JUK/DJI/GPS":{
	"upd": "YES",
	"last_upd":24.000775085,

	"lat":0.9755372122,
	"lng":0.6501499656,
	"alt":100.3828353882,
	"vx":-0.0000000924,
	"vy":0.0000000860,
	"vz":0.0000086875,
	"course":-0.0299299507,
	"sats":0,
	"quality":5,
	"flight_status":2
},
"JUK/DJI/DEVICE_STATUS":{
	"upd": "YES",
	"last_upd":24.000811594,

	"authority":3,
	"voltage":24449
},
"JUK/POSITION_DATA":{
	"upd": "YES",
	"last_upd":24.000837426,

	"lat":55.8941650190,
	"lng":37.2508490790,
	"alt":100.3828353882,
	"x":6201274.4644714380,
	"y":4146745.5511080292,
	"z":-0.0000610352,
	"course":-1.7148598559,
	"dist_to_target":7.0711109702,
	"stable_time":0.0000000000
},
"JUK/CONTROL_DJI":{
	"upd": "YES",
	"last_upd":24.000823885,

	"flag":5,
	"data_x":0.0000000000,
	"data_y":0.0000000000,
	"data_z":0.0000000000,
	"course":0.8574299216
},
"REACH_EMLID_DATA":{
	"upd": "NO",
	"last_upd":3.000674703,

	"lat":0.0000000000,
	"lng":0.0000000000,
	"alt":0.0000000000,
	"quality":0,
	"data_Y":0,
	"data_M":0,
	"data_D":0,
	"time_h":0,
	"time_m":0,
	"time_s":0
}}
}
MESSAGE_END

MESSAGE_BEGIN
{
"HEADER": {
"ID": 26,
"TIME": 26.009758854
},
"DATA":{
"JUK/DJI/GPS":{
	"upd": "YES",
	"last_upd":25.005796566,

	"lat":0.9755372122,
	"lng":0.6501499656,
	"alt":100.3828506470,
	"vx":0.0000000913,
	"vy":-0.0000000156,
	"vz":0.0000061069,
	"course":-0.0199827682,
	"sats":0,
	"quality":5,
	"flight_status":2
},
"JUK/DJI/DEVICE_STATUS":{
	"upd": "YES",
	"last_upd":25.005812659,

	"authority":3,
	"voltage":24465
},
"JUK/POSITION_DATA":{
	"upd": "YES",
	"last_upd":25.005849792,

	"lat":55.8941650190,
	"lng":37.2508490790,
	"alt":100.3828506470,
	"x":6201274.4644714380,
	"y":4146745.5511080292,
	"z":-0.0000457764,
	"course":-1.1538405870,
	"dist_to_target":7.0711001806,
	"stable_time":0.0000000000
},
"JUK/CONTROL_DJI":{
	"upd": "YES",
	"last_upd":25.005830002,

	"flag":5,
	"data_x":0.0000000000,
	"data_y":0.0000000000,
	"data_z":0.0000000000,
	"course":0.5769202709
},
"REACH_EMLID_DATA":{
	"upd": "NO",
	"last_upd":3.000674703,

	"lat":0.0000000000,
	"lng":0.0000000000,
	"alt":0.0000000000,
	"quality":0,
	"data_Y":0,
	"data_M":0,
	"data_D":0,
	"time_h":0,
	"time_m":0,
	"time_s":0
}}
}
MESSAGE_END

MESSAGE_BEGIN
{
"HEADER": {
"ID": 27,
"TIME": 27.000347792
},
"DATA":{
"JUK/DJI/GPS":{
	"upd": "YES",
	"last_upd":26.010480385,

	"lat":0.9755372122,
	"lng":0.6501499656,
	"alt":100.3828506470,
	"vx":0.0000000298,
	"vy":0.0000000346,
	"vz":0.0000037013,
	"course":-0.0136471930,
	"sats":0,
	"quality":5,
	"flight_status":2
},
"JUK/DJI/DEVICE_STATUS":{
	"upd": "YES",
	"last_upd":26.010492051,

	"authority":3,
	"voltage":24460
},
"JUK/POSITION_DATA":{
	"upd": "YES",
	"last_upd":26.010459657,

	"lat":55.8941650190,
	"lng":37.2508490790,
	"alt":100.3828506470,
	"x":6201274.4644714380,
	"y":4146745.5511080292,
	"z":-0.0000457764,
	"course":-0.7878092907,
	"dist_to_target":7.0711001806,
	"stable_time":0.0000000000
},
"JUK/CONTROL_DJI":{
	"upd": "YES",
	"last_upd":26.009951554,

	"flag":5,
	"data_x":0.0000000000,
	"data_y":0.0000000000,
	"data_z":0.0000000000,
	"course":0.3939046562
},
"REACH_EMLID_DATA":{
	"upd": "NO",
	"last_upd":3.000674703,

	"lat":0.0000000000,
	"lng":0.0000000000,
	"alt":0.0000000000,
	"quality":0,
	"data_Y":0,
	"data_M":0,
	"data_D":0,
	"time_h":0,
	"time_m":0,
	"time_s":0
}}
}
MESSAGE_END

MESSAGE_BEGIN
{
"HEADER": {
"ID": 28,
"TIME": 28.000622854
},
"DATA":{
"JUK/DJI/GPS":{
	"upd": "YES",
	"last_upd":27.000524659,

	"lat":0.9755372122,
	"lng":0.6501499656,
	"alt":100.3828506470,
	"vx":-0.0000000001,
	"vy":0.0000000328,
	"vz":0.0000038198,
	"course":-0.0094988964,
	"sats":0,
	"quality":5,
	"flight_status":2
},
"JUK/DJI/DEVICE_STATUS":{
	"upd": "YES",
	"last_upd":27.000538461,

	"authority":3,
	"voltage":24449
},
"JUK/POSITION_DATA":{
	"upd": "YES",
	"last_upd":27.000511952,

	"lat":55.8941650190,
	"lng":37.2508490790,
	"alt":100.3828506470,
	"x":6201274.4644714380,
	"y":4146745.5511080292,
	"z":-0.0000457764,
	"course":-0.5442466755,
	"dist_to_target":7.0711001806,
	"stable_time":0.0000000000
},
"JUK/CONTROL_DJI":{
	"upd": "YES",
	"last_upd":27.000493463,

	"flag":5,
	"data_x":0.0000000000,
	"data_y":0.0000000000,
	"data_z":0.0000000000,
	"course":0.2721233368
},
"REACH_EMLID_DATA":{
	"upd": "NO",
	"last_upd":3.000674703,

	"lat":0.0000000000,
	"lng":0.0000000000,
	"alt":0.0000000000,
	"quality":0,
	"data_Y":0,
	"data_M":0,
	"data_D":0,
	"time_h":0,
	"time_m":0,
	"time_s":0
}}
}
MESSAGE_END

MESSAGE_BEGIN
{
"HEADER": {
"ID": 29,
"TIME": 29.006803267
},
"DATA":{
"JUK/DJI/GPS":{
	"upd": "YES",
	"last_upd":28.000950028,

	"lat":0.9755372122,
	"lng":0.6501499656,
	"alt":100.3828506470,
	"vx":0.0000001518,
	"vy":-0.0000002673,
	"vz":0.0000041708,
	"course":-0.0066148213,
	"sats":0,
	"quality":5,
	"flight_status":2
},
"JUK/DJI/DEVICE_STATUS":{
	"upd": "YES",
	"last_upd":28.000980443,

	"authority":3,
	"voltage":24441
},
"JUK/POSITION_DATA":{
	"upd": "YES",
	"last_upd":28.001054659,

	"lat":55.8941650190,
	"lng":37.2508490790,
	"alt":100.3828506470,
	"x":6201274.4644714380,
	"y":4146745.5511080292,
	"z":-0.0000457764,
	"course":-0.3790013432,
	"dist_to_target":7.0711001806,
	"stable_time":0.0000000000
},
"JUK/CONTROL_DJI":{
	"upd": "YES",
	"last_upd":28.001036899,

	"flag":5,
	"data_x":0.0000000000,
	"data_y":0.0000000000,
	"data_z":0.0000000000,
	"course":0.1895006746
},
"REACH_EMLID_DATA":{
	"upd": "NO",
	"last_upd":3.000674703,

	"lat":0.0000000000,
	"lng":0.0000000000,
	"alt":0.0000000000,
	"quality":0,
	"data_Y":0,
	"data_M":0,
	"data_D":0,
	"time_h":0,
	"time_m":0,
	"time_s":0
}}
}
MESSAGE_END

MESSAGE_BEGIN
{
"HEADER": {
"ID": 30,
"TIME": 30.000446177
},
"DATA":{
"JUK/DJI/GPS":{
	"upd": "YES",
	"last_upd":29.007135493,

	"lat":0.9755372122,
	"lng":0.6501499656,
	"alt":100.3828506470,
	"vx":-0.0000001125,
	"vy":0.0000000572,
	"vz":0.0000042208,
	"course":-0.0046046073,
	"sats":0,
	"quality":5,
	"flight_status":2
},
"JUK/DJI/DEVICE_STATUS":{
	"upd": "YES",
	"last_upd":29.007161065,

	"authority":3,
	"voltage":24432
},
"JUK/POSITION_DATA":{
	"upd": "YES",
	"last_upd":29.007200230,

	"lat":55.8941650190,
	"lng":37.2508490790,
	"alt":100.3828506470,
	"x":6201274.4644714380,
	"y":4146745.5511080292,
	"z":-0.0000457764,
	"course":-0.2638245662,
	"dist_to_target":7.0711001806,
	"stable_time":0.0000000000
},
"JUK/CONTROL_DJI":{
	"upd": "YES",
	"last_upd":29.007176481,

	"flag":5,
	"data_x":0.0000000000,
	"data_y":0.0000000000,
	"data_z":0.0000000000,
	"course":0.1319122761
},
"REACH_EMLID_DATA":{
	"upd": "NO",
	"last_upd":3.000674703,

	"lat":0.0000000000,
	"lng":0.0000000000,
	"alt":0.0000000000,
	"quality":0,
	"data_Y":0,
	"data_M":0,
	"data_D":0,
	"time_h":0,
	"time_m":0,
	"time_s":0
}}
}
MESSAGE_END

MESSAGE_BEGIN
{
"HEADER": {
"ID": 31,
"TIME": 31.000404315
},
"DATA":{
"JUK/DJI/GPS":{
	"upd": "YES",
	"last_upd":30.000630544,

	"lat":0.9755372122,
	"lng":0.6501499656,
	"alt":100.3828506470,
	"vx":0.0000000256,
	"vy":0.0000000089,
	"vz":0.0000043151,
	"course":-0.0032630022,
	"sats":0,
	"quality":5,
	"flight_status":2
},
"JUK/DJI/DEVICE_STATUS":{
	"upd": "YES",
	"last_upd":30.000659032,

	"authority":3,
	"voltage":24478
},
"JUK/POSITION_DATA":{
	"upd": "YES",
	"last_upd":30.000687521,

	"lat":55.8941650190,
	"lng":37.2508490790,
	"alt":100.3828506470,
	"x":6201274.4644714380,
	"y":4146745.5511080292,
	"z":-0.0000457764,
	"course":-0.1869562564,
	"dist_to_target":7.0711001806,
	"stable_time":0.0000000000
},
"JUK/CONTROL_DJI":{
	"upd": "YES",
	"last_upd":30.000673146,

	"flag":5,
	"data_x":0.0000000000,
	"data_y":0.0000000000,
	"data_z":0.0000000000,
	"course":0.0934781283
},
"REACH_EMLID_DATA":{
	"upd": "NO",
	"last_upd":3.000674703,

	"lat":0.0000000000,
	"lng":0.0000000000,
	"alt":0.0000000000,
	"quality":0,
	"data_Y":0,
	"data_M":0,
	"data_D":0,
	"time_h":0,
	"time_m":0,
	"time_s":0
}}
}
MESSAGE_END

MESSAGE_BEGIN
{
"HEADER": {
"ID": 32,
"TIME": 32.002392971
},
"DATA":{
"JUK/DJI/GPS":{
	"upd": "YES",
	"last_upd":31.000551184,

	"lat":0.9755372122,
	"lng":0.6501499656,
	"alt":100.3828506470,
	"vx":-0.0000000229,
	"vy":-0.0000000359,
	"vz":0.0000043636,
	"course":-0.0023032589,
	"sats":0,
	"quality":5,
	"flight_status":2
},
"JUK/DJI/DEVICE_STATUS":{
	"upd": "YES",
	"last_upd":31.000569360,

	"authority":3,
	"voltage":24458
},
"JUK/POSITION_DATA":{
	"upd": "YES",
	"last_upd":31.000594568,

	"lat":55.8941650190,
	"lng":37.2508490790,
	"alt":100.3828506470,
	"x":6201274.4644714380,
	"y":4146745.5511080292,
	"z":-0.0000457764,
	"course":-0.1319670154,
	"dist_to_target":7.0711001806,
	"stable_time":0.0000000000
},
"JUK/CONTROL_DJI":{
	"upd": "YES",
	"last_upd":31.000581443,

	"flag":5,
	"data_x":0.0000000000,
	"data_y":0.0000000000,
	"data_z":0.0000000000,
	"course":0.0659835041
},
"REACH_EMLID_DATA":{
	"upd": "NO",
	"last_upd":3.000674703,

	"lat":0.0000000000,
	"lng":0.0000000000,
	"alt":0.0000000000,
	"quality":0,
	"data_Y":0,
	"data_M":0,
	"data_D":0,
	"time_h":0,
	"time_m":0,
	"time_s":0
}}
}
MESSAGE_END

MESSAGE_BEGIN
{
"HEADER": {
"ID": 33,
"TIME": 33.000385421
},
"DATA":{
"JUK/DJI/GPS":{
	"upd": "YES",
	"last_upd":32.002766653,

	"lat":0.9755372122,
	"lng":0.6501499656,
	"alt":100.3828506470,
	"vx":-0.0000000270,
	"vy":0.0000002115,
	"vz":0.0000044281,
	"course":-0.0016288371,
	"sats":0,
	"quality":5,
	"flight_status":2
},
"JUK/DJI/DEVICE_STATUS":{
	"upd": "YES",
	"last_upd":32.002793579,

	"authority":3,
	"voltage":24475
},
"JUK/POSITION_DATA":{
	"upd": "YES",
	"last_upd":32.002830140,

	"lat":55.8941650190,
	"lng":37.2508490790,
	"alt":100.3828506470,
	"x":6201274.4644714380,
	"y":4146745.5511080292,
	"z":-0.0000457764,
	"course":-0.0933254916,
	"dist_to_target":7.0711001806,
	"stable_time":0.0000000000
},
"JUK/CONTROL_DJI":{
	"upd": "YES",
	"last_upd":32.002810557,

	"flag":5,
	"data_x":0.0000000000,
	"data_y":0.0000000000,
	"data_z":0.0000000000,
	"course":0.0466627441
},
"REACH_EMLID_DATA":{
	"upd": "NO",
	"last_upd":3.000674703,

	"lat":0.0000000000,
	"lng":0.0000000000,
	"alt":0.0000000000,
	"quality":0,
	"data_Y":0,
	"data_M":0,
	"data_D":0,
	"time_h":0,
	"time_m":0,
	"time_s":0
}}
}
MESSAGE_END

MESSAGE_BEGIN
{
"HEADER": {
"ID": 34,
"TIME": 34.000353808
},
"DATA":{
"JUK/DJI/GPS":{
	"upd": "YES",
	"last_upd":33.000647077,

	"lat":0.9755372122,
	"lng":0.6501499656,
	"alt":100.3828506470,
	"vx":0.0000000436,
	"vy":-0.0000000449,
	"vz":0.0000044216,
	"course":-0.0011536882,
	"sats":0,
	"quality":5,
	"flight_status":2
},
"JUK/DJI/DEVICE_STATUS":{
	"upd": "YES",
	"last_upd":33.000667284,

	"authority":3,
	"voltage":24472
},
"JUK/POSITION_DATA":{
	"upd": "YES",
	"last_upd":33.000693169,

	"lat":55.8941650190,
	"lng":37.2508490790,
	"alt":100.3828506470,
	"x":6201274.4644714380,
	"y":4146745.5511080292,
	"z":-0.0000457764,
	"course":-0.0661014649,
	"dist_to_target":7.0711001806,
	"stable_time":0.0000000000
},
"JUK/CONTROL_DJI":{
	"upd": "YES",
	"last_upd":33.000680721,

	"flag":5,
	"data_x":0.0000000000,
	"data_y":0.0000000000,
	"data_z":0.0000000000,
	"course":0.0330507308
},
"REACH_EMLID_DATA":{
	"upd": "NO",
	"last_upd":3.000674703,

	"lat":0.0000000000,
	"lng":0.0000000000,
	"alt":0.0000000000,
	"quality":0,
	"data_Y":0,
	"data_M":0,
	"data_D":0,
	"time_h":0,
	"time_m":0,
	"time_s":0
}}
}
MESSAGE_END

MESSAGE_BEGIN
{
"HEADER": {
"ID": 35,
"TIME": 35.000288007
},
"DATA":{
"JUK/DJI/GPS":{
	"upd": "YES",
	"last_upd":34.000544268,

	"lat":0.9755372122,
	"lng":0.6501499656,
	"alt":100.3828506470,
	"vx":-0.0000001312,
	"vy":-0.0000002316,
	"vz":0.0000044626,
	"course":-0.0008181559,
	"sats":0,
	"quality":5,
	"flight_status":2
},
"JUK/DJI/DEVICE_STATUS":{
	"upd": "YES",
	"last_upd":34.000560986,

	"authority":3,
	"voltage":24452
},
"JUK/POSITION_DATA":{
	"upd": "YES",
	"last_upd":34.000588329,

	"lat":55.8941650190,
	"lng":37.2508490790,
	"alt":100.3828506470,
	"x":6201274.4644714380,
	"y":4146745.5511080292,
	"z":-0.0000457764,
	"course":-0.0468768775,
	"dist_to_target":7.0711001806,
	"stable_time":0.0000000000
},
"JUK/CONTROL_DJI":{
	"upd": "YES",
	"last_upd":34.000572965,

	"flag":5,
	"data_x":0.0000000000,
	"data_y":0.0000000000,
	"data_z":0.0000000000,
	"course":0.0234384388
},
"REACH_EMLID_DATA":{
	"upd": "NO",
	"last_upd":3.000674703,

	"lat":0.0000000000,
	"lng":0.0000000000,
	"alt":0.0000000000,
	"quality":0,
	"data_Y":0,
	"data_M":0,
	"data_D":0,
	"time_h":0,
	"time_m":0,
	"time_s":0
}}
}
MESSAGE_END

MESSAGE_BEGIN
{
"HEADER": {
"ID": 36,
"TIME": 36.000392803
},
"DATA":{
"JUK/DJI/GPS":{
	"upd": "YES",
	"last_upd":35.007087042,

	"lat":0.9755372122,
	"lng":0.6501499656,
	"alt":100.3828506470,
	"vx":0.0000000558,
	"vy":0.0000002252,
	"vz":0.0000044358,
	"course":-0.0005766403,
	"sats":0,
	"quality":5,
	"flight_status":2
},
"JUK/DJI/DEVICE_STATUS":{
	"upd": "YES",
	"last_upd":35.007103499,

	"authority":3,
	"voltage":24475
},
"JUK/POSITION_DATA":{
	"upd": "YES",
	"last_upd":35.007127144,

	"lat":55.8941650190,
	"lng":37.2508490790,
	"alt":100.3828506470,
	"x":6201274.4644714380,
	"y":4146745.5511080292,
	"z":-0.0000457764,
	"course":-0.0330390576,
	"dist_to_target":7.0711001806,
	"stable_time":0.0000000000
},
"JUK/CONTROL_DJI":{
	"upd": "YES",
	"last_upd":35.007115530,

	"flag":5,
	"data_x":0.0000000000,
	"data_y":0.0000000000,
	"data_z":0.0000000000,
	"course":0.0165195279
},
"REACH_EMLID_DATA":{
	"upd": "NO",
	"last_upd":3.000674703,

	"lat":0.0000000000,
	"lng":0.0000000000,
	"alt":0.0000000000,
	"quality":0,
	"data_Y":0,
	"data_M":0,
	"data_D":0,
	"time_h":0,
	"time_m":0,
	"time_s":0
}}
}
MESSAGE_END

MESSAGE_BEGIN
{
"HEADER": {
"ID": 37,
"TIME": 37.000363155
},
"DATA":{
"JUK/DJI/GPS":{
	"upd": "YES",
	"last_upd":36.000612220,

	"lat":0.9755372122,
	"lng":0.6501499656,
	"alt":100.3828506470,
	"vx":0.0000000929,
	"vy":0.0000001411,
	"vz":0.0000044014,
	"course":-0.0004118283,
	"sats":0,
	"quality":5,
	"flight_status":2
},
"JUK/DJI/DEVICE_STATUS":{
	"upd": "YES",
	"last_upd":36.000631022,

	"authority":3,
	"voltage":24457
},
"JUK/POSITION_DATA":{
	"upd": "YES",
	"last_upd":36.000659770,

	"lat":55.8941650190,
	"lng":37.2508490790,
	"alt":100.3828506470,
	"x":6201274.4644714380,
	"y":4146745.5511080292,
	"z":-0.0000457764,
	"course":-0.0235960231,
	"dist_to_target":7.0711001806,
	"stable_time":0.0000000000
},
"JUK/CONTROL_DJI":{
	"upd": "YES",
	"last_upd":36.000644823,

	"flag":5,
	"data_x":0.0000000000,
	"data_y":0.0000000000,
	"data_z":0.0000000000,
	"course":0.0117980111
},
"REACH_EMLID_DATA":{
	"upd": "NO",
	"last_upd":3.000674703,

	"lat":0.0000000000,
	"lng":0.0000000000,
	"alt":0.0000000000,
	"quality":0,
	"data_Y":0,
	"data_M":0,
	"data_D":0,
	"time_h":0,
	"time_m":0,
	"time_s":0
}}
}
MESSAGE_END

MESSAGE_BEGIN
{
"HEADER": {
"ID": 38,
"TIME": 38.002550839
},
"DATA":{
"JUK/DJI/GPS":{
	"upd": "YES",
	"last_upd":37.000508774,

	"lat":0.9755372122,
	"lng":0.6501499656,
	"alt":100.3828506470,
	"vx":-0.0000001914,
	"vy":0.0000000191,
	"vz":0.0000044951,
	"course":-0.0002924276,
	"sats":0,
	"quality":5,
	"flight_status":2
},
"JUK/DJI/DEVICE_STATUS":{
	"upd": "YES",
	"last_upd":37.000525544,

	"authority":3,
	"voltage":24434
},
"JUK/POSITION_DATA":{
	"upd": "YES",
	"last_upd":37.000550855,

	"lat":55.8941650190,
	"lng":37.2508490790,
	"alt":100.3828506470,
	"x":6201274.4644714380,
	"y":4146745.5511080292,
	"z":-0.0000457764,
	"course":-0.0167548678,
	"dist_to_target":7.0711001806,
	"stable_time":0.0000000000
},
"JUK/CONTROL_DJI":{
	"upd": "YES",
	"last_upd":37.000538408,

	"flag":5,
	"data_x":0.0000000000,
	"data_y":0.0000000000,
	"data_z":0.0000000000,
	"course":0.0083774338
},
"REACH_EMLID_DATA":{
	"upd": "NO",
	"last_upd":3.000674703,

	"lat":0.0000000000,
	"lng":0.0000000000,
	"alt":0.0000000000,
	"quality":0,
	"data_Y":0,
	"data_M":0,
	"data_D":0,
	"time_h":0,
	"time_m":0,
	"time_s":0
}}
}
MESSAGE_END

MESSAGE_BEGIN
{
"HEADER": {
"ID": 39,
"TIME": 39.000341759
},
"DATA":{
"JUK/DJI/GPS":{
	"upd": "YES",
	"last_upd":38.002712551,

	"lat":0.9755372122,
	"lng":0.6501499656,
	"alt":100.3828506470,
	"vx":0.0000000802,
	"vy":-0.0000000886,
	"vz":0.0000043985,
	"course":-0.0002075031,
	"sats":0,
	"quality":5,
	"flight_status":2
},
"JUK/DJI/DEVICE_STATUS":{
	"upd": "YES",
	"last_upd":38.002732654,

	"authority":3,
	"voltage":24452
},
"JUK/POSITION_DATA":{
	"upd": "YES",
	"last_upd":38.002761090,

	"lat":55.8941650190,
	"lng":37.2508490790,
	"alt":100.3828506470,
	"x":6201274.4644714380,
	"y":4146745.5511080292,
	"z":-0.0000457764,
	"course":-0.0118890532,
	"dist_to_target":7.0711001806,
	"stable_time":0.0000000000
},
"JUK/CONTROL_DJI":{
	"upd": "YES",
	"last_upd":38.002745362,

	"flag":5,
	"data_x":0.0000000000,
	"data_y":0.0000000000,
	"data_z":0.0000000000,
	"course":0.0059445268
},
"REACH_EMLID_DATA":{
	"upd": "NO",
	"last_upd":3.000674703,

	"lat":0.0000000000,
	"lng":0.0000000000,
	"alt":0.0000000000,
	"quality":0,
	"data_Y":0,
	"data_M":0,
	"data_D":0,
	"time_h":0,
	"time_m":0,
	"time_s":0
}}
}
MESSAGE_END

MESSAGE_BEGIN
{
"HEADER": {
"ID": 40,
"TIME": 40.000343554
},
"DATA":{
"JUK/DJI/GPS":{
	"upd": "YES",
	"last_upd":39.000504409,

	"lat":0.9755372122,
	"lng":0.6501499656,
	"alt":100.3828506470,
	"vx":-0.0000000211,
	"vy":0.0000000649,
	"vz":0.0000043067,
	"course":-0.0001473300,
	"sats":0,
	"quality":5,
	"flight_status":2
},
"JUK/DJI/DEVICE_STATUS":{
	"upd": "YES",
	"last_upd":39.000524564,

	"authority":3,
	"voltage":24466
},
"JUK/POSITION_DATA":{
	"upd": "YES",
	"last_upd":39.000550448,

	"lat":55.8941650190,
	"lng":37.2508490790,
	"alt":100.3828506470,
	"x":6201274.4644714380,
	"y":4146745.5511080292,
	"z":-0.0000457764,
	"course":-0.0084413860,
	"dist_to_target":7.0711001806,
	"stable_time":0.0000000000
},
"JUK/CONTROL_DJI":{
	"upd": "YES",
	"last_upd":39.000536543,

	"flag":5,
	"data_x":0.0000000000,
	"data_y":0.0000000000,
	"data_z":0.0000000000,
	"course":0.0042206929
},
"REACH_EMLID_DATA":{
	"upd": "NO",
	"last_upd":3.000674703,

	"lat":0.0000000000,
	"lng":0.0000000000,
	"alt":0.0000000000,
	"quality":0,
	"data_Y":0,
	"data_M":0,
	"data_D":0,
	"time_h":0,
	"time_m":0,
	"time_s":0
}}
}
MESSAGE_END

MESSAGE_BEGIN
{
"HEADER": {
"ID": 41,
"TIME": 41.003401135
},
"DATA":{
"JUK/DJI/GPS":{
	"upd": "YES",
	"last_upd":40.013420921,

	"lat":0.9755372122,
	"lng":0.6501499656,
	"alt":100.3828506470,
	"vx":0.0000000413,
	"vy":-0.0000000664,
	"vz":0.0000042601,
	"course":-0.0001038375,
	"sats":0,
	"quality":5,
	"flight_status":2
},
"JUK/DJI/DEVICE_STATUS":{
	"upd": "YES",
	"last_upd":40.013438003,

	"authority":3,
	"voltage":24447
},
"JUK/POSITION_DATA":{
	"upd": "YES",
	"last_upd":40.013466440,

	"lat":55.8941650190,
	"lng":37.2508490790,
	"alt":100.3828506470,
	"x":6201274.4644714380,
	"y":4146745.5511080292,
	"z":-0.0000457764,
	"course":-0.0059494520,
	"dist_to_target":7.0711001806,
	"stable_time":0.0000000000
},
"JUK/CONTROL_DJI":{
	"upd": "YES",
	"last_upd":40.013452326,

	"flag":5,
	"data_x":0.0000000000,
	"data_y":0.0000000000,
	"data_z":0.0000000000,
	"course":0.0029747260
},
"REACH_EMLID_DATA":{
	"upd": "NO",
	"last_upd":3.000674703,

	"lat":0.0000000000,
	"lng":0.0000000000,
	"alt":0.0000000000,
	"quality":0,
	"data_Y":0,
	"data_M":0,
	"data_D":0,
	"time_h":0,
	"time_m":0,
	"time_s":0
}}
}
MESSAGE_END

MESSAGE_BEGIN
{
"HEADER": {
"ID": 42,
"TIME": 42.000356344
},
"DATA":{
"JUK/DJI/GPS":{
	"upd": "YES",
	"last_upd":41.003573888,

	"lat":0.9755372122,
	"lng":0.6501499656,
	"alt":100.3828506470,
	"vx":0.0000001041,
	"vy":0.0000002335,
	"vz":0.0000041452,
	"course":-0.0000743040,
	"sats":0,
	"quality":5,
	"flight_status":2
},
"JUK/DJI/DEVICE_STATUS":{
	"upd": "YES",
	"last_upd":41.003591595,

	"authority":3,
	"voltage":24470
},
"JUK/POSITION_DATA":{
	"upd": "YES",
	"last_upd":41.003617375,

	"lat":55.8941650190,
	"lng":37.2508490790,
	"alt":100.3828506470,
	"x":6201274.4644714380,
	"y":4146745.5511080292,
	"z":-0.0000457764,
	"course":-0.0042573081,
	"dist_to_target":7.0711001806,
	"stable_time":0.0000000000
},
"JUK/CONTROL_DJI":{
	"upd": "YES",
	"last_upd":41.003605553,

	"flag":5,
	"data_x":0.0000000000,
	"data_y":0.0000000000,
	"data_z":0.0000000000,
	"course":0.0021286542
},
"REACH_EMLID_DATA":{
	"upd": "NO",
	"last_upd":3.000674703,

	"lat":0.0000000000,
	"lng":0.0000000000,
	"alt":0.0000000000,
	"quality":0,
	"data_Y":0,
	"data_M":0,
	"data_D":0,
	"time_h":0,
	"time_m":0,
	"time_s":0
}}
}
MESSAGE_END

MESSAGE_BEGIN
{
"HEADER": {
"ID": 43,
"TIME": 43.000345623
},
"DATA":{
"JUK/DJI/GPS":{
	"upd": "YES",
	"last_upd":42.000519358,

	"lat":0.9755372122,
	"lng":0.6501499656,
	"alt":100.3828506470,
	"vx":0.0000000883,
	"vy":-0.0000001814,
	"vz":0.0000042715,
	"course":-0.0000529455,
	"sats":0,
	"quality":5,
	"flight_status":2
},
"JUK/DJI/DEVICE_STATUS":{
	"upd": "YES",
	"last_upd":42.000668779,

	"authority":3,
	"voltage":24465
},
"JUK/POSITION_DATA":{
	"upd": "YES",
	"last_upd":42.000699820,

	"lat":55.8941650190,
	"lng":37.2508490790,
	"alt":100.3828506470,
	"x":6201274.4644714380,
	"y":4146745.5511080292,
	"z":-0.0000457764,
	"course":-0.0030335524,
	"dist_to_target":7.0711001806,
	"stable_time":0.0000000000
},
"JUK/CONTROL_DJI":{
	"upd": "YES",
	"last_upd":42.000685393,

	"flag":5,
	"data_x":0.0000000000,
	"data_y":0.0000000000,
	"data_z":0.0000000000,
	"course":0.0015167762
},
"REACH_EMLID_DATA":{
	"upd": "NO",
	"last_upd":3.000674703,

	"lat":0.0000000000,
	"lng":0.0000000000,
	"alt":0.0000000000,
	"quality":0,
	"data_Y":0,
	"data_M":0,
	"data_D":0,
	"time_h":0,
	"time_m":0,
	"time_s":0
}}
}
MESSAGE_END

MESSAGE_BEGIN
{
"HEADER": {
"ID": 44,
"TIME": 44.000483883
},
"DATA":{
"JUK/DJI/GPS":{
	"upd": "YES",
	"last_upd":43.000535511,

	"lat":0.9755372122,
	"lng":0.6501499656,
	"alt":100.3828506470,
	"vx":-0.0000001324,
	"vy":0.0000000553,
	"vz":0.0000041722,
	"course":-0.0000377032,
	"sats":0,
	"quality":5,
	"flight_status":2
},
"JUK/DJI/DEVICE_STATUS":{
	"upd": "YES",
	"last_upd":43.000552229,

	"authority":3,
	"voltage":24440
},
"JUK/POSITION_DATA":{
	"upd": "YES",
	"last_upd":43.000576395,

	"lat":55.8941650190,
	"lng":37.2508490790,
	"alt":100.3828506470,
	"x":6201274.4644714380,
	"y":4146745.5511080292,
	"z":-0.0000457764,
	"course":-0.0021602351,
	"dist_to_target":7.0711001806,
	"stable_time":0.0000000000
},
"JUK/CONTROL_DJI":{
	"upd": "YES",
	"last_upd":43.000564833,

	"flag":5,
	"data_x":0.0000000000,
	"data_y":0.0000000000,
	"data_z":0.0000000000,
	"course":0.0010801175
},
"REACH_EMLID_DATA":{
	"upd": "NO",
	"last_upd":3.000674703,

	"lat":0.0000000000,
	"lng":0.0000000000,
	"alt":0.0000000000,
	"quality":0,
	"data_Y":0,
	"data_M":0,
	"data_D":0,
	"time_h":0,
	"time_m":0,
	"time_s":0
}}
}
MESSAGE_END

MESSAGE_BEGIN
{
"HEADER": {
"ID": 45,
"TIME": 45.000414888
},
"DATA":{
"JUK/DJI/GPS":{
	"upd": "YES",
	"last_upd":44.000657313,

	"lat":0.9755372122,
	"lng":0.6501499656,
	"alt":100.3828506470,
	"vx":-0.0000002221,
	"vy":-0.0000002594,
	"vz":0.0000042034,
	"course":-0.0000268604,
	"sats":0,
	"quality":5,
	"flight_status":2
},
"JUK/DJI/DEVICE_STATUS":{
	"upd": "YES",
	"last_upd":44.000681947,

	"authority":3,
	"voltage":24447
},
"JUK/POSITION_DATA":{
	"upd": "YES",
	"last_upd":44.000711998,

	"lat":55.8941650190,
	"lng":37.2508490790,
	"alt":100.3828506470,
	"x":6201274.4644714380,
	"y":4146745.5511080292,
	"z":-0.0000457764,
	"course":-0.0015389859,
	"dist_to_target":7.0711001806,
	"stable_time":0.0000000000
},
"JUK/CONTROL_DJI":{
	"upd": "YES",
	"last_upd":44.000697155,

	"flag":5,
	"data_x":0.0000000000,
	"data_y":0.0000000000,
	"data_z":0.0000000000,
	"course":0.0007694929
},
"REACH_EMLID_DATA":{
	"upd": "NO",
	"last_upd":3.000674703,

	"lat":0.0000000000,
	"lng":0.0000000000,
	"alt":0.0000000000,
	"quality":0,
	"data_Y":0,
	"data_M":0,
	"data_D":0,
	"time_h":0,
	"time_m":0,
	"time_s":0
}}
}
MESSAGE_END

MESSAGE_BEGIN
{
"HEADER": {
"ID": 46,
"TIME": 46.000343578
},
"DATA":{
"JUK/DJI/GPS":{
	"upd": "YES",
	"last_upd":45.005810445,

	"lat":0.9755372122,
	"lng":0.6501499656,
	"alt":100.3828506470,
	"vx":0.0000002819,
	"vy":0.0000005627,
	"vz":0.0000043083,
	"course":-0.0000191244,
	"sats":0,
	"quality":5,
	"flight_status":2
},
"JUK/DJI/DEVICE_STATUS":{
	"upd": "YES",
	"last_upd":45.005831642,

	"authority":3,
	"voltage":24456
},
"JUK/POSITION_DATA":{
	"upd": "YES",
	"last_upd":45.005858464,

	"lat":55.8941650190,
	"lng":37.2508490790,
	"alt":100.3828506470,
	"x":6201274.4644714380,
	"y":4146745.5511080292,
	"z":-0.0000457764,
	"course":-0.0010957478,
	"dist_to_target":7.0711001806,
	"stable_time":0.0000000000
},
"JUK/CONTROL_DJI":{
	"upd": "YES",
	"last_upd":45.005846277,

	"flag":5,
	"data_x":0.0000000000,
	"data_y":0.0000000000,
	"data_z":0.0000000000,
	"course":0.0005478740
},
"REACH_EMLID_DATA":{
	"upd": "NO",
	"last_upd":3.000674703,

	"lat":0.0000000000,
	"lng":0.0000000000,
	"alt":0.0000000000,
	"quality":0,
	"data_Y":0,
	"data_M":0,
	"data_D":0,
	"time_h":0,
	"time_m":0,
	"time_s":0
}}
}
MESSAGE_END

MESSAGE_BEGIN
{
"HEADER": {
"ID": 47,
"TIME": 47.001538547
},
"DATA":{
"JUK/DJI/GPS":{
	"upd": "YES",
	"last_upd":46.000484041,

	"lat":0.9755372122,
	"lng":0.6501499656,
	"alt":100.3828506470,
	"vx":0.0000004087,
	"vy":-0.0000000863,
	"vz":0.0000043257,
	"course":-0.0000139626,
	"sats":0,
	"quality":5,
	"flight_status":2
},
"JUK/DJI/DEVICE_STATUS":{
	"upd": "YES",
	"last_upd":46.000501124,

	"authority":3,
	"voltage":24462
},
"JUK/POSITION_DATA":{
	"upd": "YES",
	"last_upd":46.000526331,

	"lat":55.8941650190,
	"lng":37.2508490790,
	"alt":100.3828506470,
	"x":6201274.4644714380,
	"y":4146745.5511080292,
	"z":-0.0000457764,
	"course":-0.0008000005,
	"dist_to_target":7.0711001806,
	"stable_time":0.0000000000
},
"JUK/CONTROL_DJI":{
	"upd": "YES",
	"last_upd":46.000514301,

	"flag":5,
	"data_x":0.0000000000,
	"data_y":0.0000000000,
	"data_z":0.0000000000,
	"course":0.0004000003
},
"REACH_EMLID_DATA":{
	"upd": "NO",
	"last_upd":3.000674703,

	"lat":0.0000000000,
	"lng":0.0000000000,
	"alt":0.0000000000,
	"quality":0,
	"data_Y":0,
	"data_M":0,
	"data_D":0,
	"time_h":0,
	"time_m":0,
	"time_s":0
}}
}
MESSAGE_END

MESSAGE_BEGIN
{
"HEADER": {
"ID": 48,
"TIME": 48.000339164
},
"DATA":{
"JUK/DJI/GPS":{
	"upd": "YES",
	"last_upd":47.001756767,

	"lat":0.9755372122,
	"lng":0.6501499656,
	"alt":100.3828506470,
	"vx":-0.0000000902,
	"vy":0.0000002099,
	"vz":0.0000046016,
	"course":-0.0000101400,
	"sats":0,
	"quality":5,
	"flight_status":2
},
"JUK/DJI/DEVICE_STATUS":{
	"upd": "YES",
	"last_upd":47.001778329,

	"authority":3,
	"voltage":24462
},
"JUK/POSITION_DATA":{
	"upd": "YES",
	"last_upd":47.001807130,

	"lat":55.8941650190,
	"lng":37.2508490790,
	"alt":100.3828506470,
	"x":6201274.4644714380,
	"y":4146745.5511080292,
	"z":-0.0000457764,
	"course":-0.0005809780,
	"dist_to_target":7.0711001806,
	"stable_time":0.0000000000
},
"JUK/CONTROL_DJI":{
	"upd": "YES",
	"last_upd":47.001792807,

	"flag":5,
	"data_x":0.0000000000,
	"data_y":0.0000000000,
	"data_z":0.0000000000,
	"course":0.0002904889
},
"REACH_EMLID_DATA":{
	"upd": "NO",
	"last_upd":3.000674703,

	"lat":0.0000000000,
	"lng":0.0000000000,
	"alt":0.0000000000,
	"quality":0,
	"data_Y":0,
	"data_M":0,
	"data_D":0,
	"time_h":0,
	"time_m":0,
	"time_s":0
}}
}
MESSAGE_END

